<?xml version="1.0" encoding="UTF-8"?>
<testsuite xmlns:xsi="http://www.w3.org/2001/XMLSchema-instance" xsi:noNamespaceSchemaLocation="https://maven.apache.org/surefire/maven-surefire-plugin/xsd/surefire-test-report.xsd" name="uk.co.marvel.character.client.RestClientTest" time="0.258" tests="3" errors="0" skipped="0" failures="0">
  <properties>
[...]
</properties>
  <testcase name="shouldTestExceptionIsThrownWhenRestTemplateThrowsAnException" classname="uk.co.marvel.character.client.RestClientTest" time="0.253"/>
  <testcase name="shouldTestExceptionIsThrownWhenResponseEntityIsNotOfStatusOK" classname="uk.co.marvel.character.client.RestClientTest" time="0.003"/>
  <testcase name="shouldTestGestRequestIsInitiatedSuccessfully" classname="uk.co.marvel.character.client.RestClientTest" time="0.002"/>
</testsuite>